<?xml version="1.0" encoding="UTF-8"?>
<coverage generated="1755854995536" clover="3.2.0">
  <project timestamp="1755854995536" name="All files">
    <metrics statements="140" coveredstatements="134" conditionals="59" coveredconditionals="51" methods="52" coveredmethods="50" elements="251" coveredelements="235" complexity="0" loc="140" ncloc="140" packages="6" files="19" classes="19"/>
    <package name="src">
      <metrics statements="2" coveredstatements="0" conditionals="0" coveredconditionals="0" methods="0" coveredmethods="0"/>
      <file name="index.tsx" path="/Users/pavelmishchenko/Downloads/911b19c6-e767-4655-acf7-b7a2e23d10f0/src/index.tsx">
        <metrics statements="1" coveredstatements="0" conditionals="0" coveredconditionals="0" methods="0" coveredmethods="0"/>
        <line num="7" count="0" type="stmt"/>
      </file>
      <file name="mobx-config.ts" path="/Users/pavelmishchenko/Downloads/911b19c6-e767-4655-acf7-b7a2e23d10f0/src/mobx-config.ts">
        <metrics statements="1" coveredstatements="0" conditionals="0" coveredconditionals="0" methods="0" coveredmethods="0"/>
        <line num="4" count="0" type="stmt"/>
      </file>
    </package>
    <package name="src.services">
      <metrics statements="42" coveredstatements="40" conditionals="24" coveredconditionals="17" methods="7" coveredmethods="7"/>
      <file name="ApiGateway.ts" path="/Users/pavelmishchenko/Downloads/911b19c6-e767-4655-acf7-b7a2e23d10f0/src/services/ApiGateway.ts">
        <metrics statements="29" coveredstatements="27" conditionals="16" coveredconditionals="9" methods="3" coveredmethods="3"/>
        <line num="5" count="8" type="cond" truecount="2" falsecount="0"/>
        <line num="6" count="4" type="stmt"/>
        <line num="8" count="4" type="stmt"/>
        <line num="10" count="4" type="stmt"/>
        <line num="11" count="1" type="cond" truecount="1" falsecount="1"/>
        <line num="12" count="1" type="stmt"/>
        <line num="13" count="0" type="cond" truecount="0" falsecount="2"/>
        <line num="14" count="0" type="stmt"/>
        <line num="18" count="3" type="stmt"/>
        <line num="19" count="3" type="stmt"/>
        <line num="20" count="2" type="cond" truecount="2" falsecount="0"/>
        <line num="21" count="1" type="stmt"/>
        <line num="23" count="1" type="cond" truecount="1" falsecount="1"/>
        <line num="24" count="1" type="cond" truecount="1" falsecount="1"/>
        <line num="28" count="1" type="stmt"/>
        <line num="32" count="4" type="stmt"/>
        <line num="35" count="4" type="stmt"/>
        <line num="36" count="4" type="stmt"/>
        <line num="38" count="1" type="stmt"/>
        <line num="42" count="15" type="stmt"/>
        <line num="43" count="2" type="stmt"/>
        <line num="44" count="2" type="stmt"/>
        <line num="45" count="1" type="stmt"/>
        <line num="47" count="1" type="cond" truecount="1" falsecount="1"/>
        <line num="51" count="15" type="stmt"/>
        <line num="52" count="2" type="stmt"/>
        <line num="53" count="2" type="stmt"/>
        <line num="60" count="1" type="stmt"/>
        <line num="62" count="1" type="cond" truecount="1" falsecount="1"/>
      </file>
      <file name="Books.repository.ts" path="/Users/pavelmishchenko/Downloads/911b19c6-e767-4655-acf7-b7a2e23d10f0/src/services/Books.repository.ts">
        <metrics statements="11" coveredstatements="11" conditionals="4" coveredconditionals="4" methods="4" coveredmethods="4"/>
        <line num="9" count="6" type="stmt"/>
        <line num="12" count="6" type="stmt"/>
        <line num="13" count="3" type="stmt"/>
        <line num="14" count="2" type="stmt"/>
        <line num="17" count="6" type="stmt"/>
        <line num="18" count="3" type="stmt"/>
        <line num="19" count="2" type="stmt"/>
        <line num="22" count="6" type="stmt"/>
        <line num="23" count="4" type="stmt"/>
        <line num="27" count="3" type="cond" truecount="4" falsecount="0"/>
        <line num="31" count="6" type="stmt"/>
      </file>
      <file name="config.ts" path="/Users/pavelmishchenko/Downloads/911b19c6-e767-4655-acf7-b7a2e23d10f0/src/services/config.ts">
        <metrics statements="2" coveredstatements="2" conditionals="4" coveredconditionals="4" methods="0" coveredmethods="0"/>
        <line num="2" count="7" type="cond" truecount="2" falsecount="0"/>
        <line num="3" count="7" type="cond" truecount="2" falsecount="0"/>
      </file>
    </package>
    <package name="src.store">
      <metrics statements="31" coveredstatements="31" conditionals="2" coveredconditionals="2" methods="10" coveredmethods="10"/>
      <file name="BooksStore.ts" path="/Users/pavelmishchenko/Downloads/911b19c6-e767-4655-acf7-b7a2e23d10f0/src/store/BooksStore.ts">
        <metrics statements="31" coveredstatements="31" conditionals="2" coveredconditionals="2" methods="10" coveredmethods="10"/>
        <line num="6" count="20" type="stmt"/>
        <line num="7" count="20" type="stmt"/>
        <line num="8" count="20" type="stmt"/>
        <line num="9" count="20" type="stmt"/>
        <line num="12" count="20" type="stmt"/>
        <line num="17" count="5" type="stmt"/>
        <line num="18" count="5" type="stmt"/>
        <line num="20" count="5" type="stmt"/>
        <line num="21" count="5" type="stmt"/>
        <line num="26" count="4" type="stmt"/>
        <line num="27" count="4" type="stmt"/>
        <line num="28" count="4" type="stmt"/>
        <line num="29" count="4" type="stmt"/>
        <line num="32" count="1" type="stmt"/>
        <line num="33" count="1" type="stmt"/>
        <line num="34" count="1" type="stmt"/>
        <line num="41" count="4" type="stmt"/>
        <line num="42" count="4" type="stmt"/>
        <line num="44" count="4" type="stmt"/>
        <line num="45" count="4" type="stmt"/>
        <line num="46" count="3" type="cond" truecount="2" falsecount="0"/>
        <line num="47" count="2" type="stmt"/>
        <line num="49" count="1" type="stmt"/>
        <line num="50" count="1" type="stmt"/>
        <line num="51" count="1" type="stmt"/>
        <line num="55" count="1" type="stmt"/>
        <line num="56" count="1" type="stmt"/>
        <line num="58" count="1" type="stmt"/>
        <line num="64" count="3" type="stmt"/>
        <line num="68" count="3" type="stmt"/>
        <line num="72" count="3" type="stmt"/>
      </file>
    </package>
    <package name="src.types">
      <metrics statements="0" coveredstatements="0" conditionals="0" coveredconditionals="0" methods="0" coveredmethods="0"/>
      <file name="Book.ts" path="/Users/pavelmishchenko/Downloads/911b19c6-e767-4655-acf7-b7a2e23d10f0/src/types/Book.ts">
        <metrics statements="0" coveredstatements="0" conditionals="0" coveredconditionals="0" methods="0" coveredmethods="0"/>
      </file>
    </package>
    <package name="src.view">
      <metrics statements="38" coveredstatements="38" conditionals="23" coveredconditionals="23" methods="19" coveredmethods="19"/>
      <file name="BookForm.tsx" path="/Users/pavelmishchenko/Downloads/911b19c6-e767-4655-acf7-b7a2e23d10f0/src/view/BookForm.tsx">
        <metrics statements="4" coveredstatements="4" conditionals="4" coveredconditionals="4" methods="3" coveredmethods="3"/>
        <line num="13" count="1" type="stmt"/>
        <line num="22" count="12" type="stmt"/>
        <line num="29" count="1" type="stmt"/>
        <line num="39" count="1" type="stmt"/>
      </file>
      <file name="BookItem.tsx" path="/Users/pavelmishchenko/Downloads/911b19c6-e767-4655-acf7-b7a2e23d10f0/src/view/BookItem.tsx">
        <metrics statements="2" coveredstatements="2" conditionals="0" coveredconditionals="0" methods="1" coveredmethods="1"/>
        <line num="8" count="1" type="stmt"/>
        <line num="9" count="4" type="stmt"/>
      </file>
      <file name="Books.tsx" path="/Users/pavelmishchenko/Downloads/911b19c6-e767-4655-acf7-b7a2e23d10f0/src/view/Books.tsx">
        <metrics statements="2" coveredstatements="2" conditionals="0" coveredconditionals="0" methods="1" coveredmethods="1"/>
        <line num="13" count="1" type="stmt"/>
        <line num="14" count="11" type="stmt"/>
      </file>
      <file name="BooksContainer.tsx" path="/Users/pavelmishchenko/Downloads/911b19c6-e767-4655-acf7-b7a2e23d10f0/src/view/BooksContainer.tsx">
        <metrics statements="7" coveredstatements="7" conditionals="0" coveredconditionals="0" methods="4" coveredmethods="4"/>
        <line num="6" count="1" type="stmt"/>
        <line num="7" count="11" type="stmt"/>
        <line num="9" count="11" type="stmt"/>
        <line num="10" count="11" type="stmt"/>
        <line num="13" count="11" type="stmt"/>
        <line num="14" count="11" type="stmt"/>
        <line num="18" count="11" type="stmt"/>
      </file>
      <file name="BooksContent.tsx" path="/Users/pavelmishchenko/Downloads/911b19c6-e767-4655-acf7-b7a2e23d10f0/src/view/BooksContent.tsx">
        <metrics statements="3" coveredstatements="3" conditionals="2" coveredconditionals="2" methods="2" coveredmethods="2"/>
        <line num="9" count="1" type="stmt"/>
        <line num="10" count="5" type="stmt"/>
        <line num="12" count="10" type="cond" truecount="2" falsecount="0"/>
      </file>
      <file name="BooksFilter.tsx" path="/Users/pavelmishchenko/Downloads/911b19c6-e767-4655-acf7-b7a2e23d10f0/src/view/BooksFilter.tsx">
        <metrics statements="4" coveredstatements="4" conditionals="4" coveredconditionals="4" methods="3" coveredmethods="3"/>
        <line num="9" count="2" type="stmt"/>
        <line num="10" count="16" type="stmt"/>
        <line num="15" count="1" type="stmt"/>
        <line num="21" count="1" type="stmt"/>
      </file>
      <file name="BooksList.tsx" path="/Users/pavelmishchenko/Downloads/911b19c6-e767-4655-acf7-b7a2e23d10f0/src/view/BooksList.tsx">
        <metrics statements="8" coveredstatements="8" conditionals="8" coveredconditionals="8" methods="1" coveredmethods="1"/>
        <line num="14" count="1" type="stmt"/>
        <line num="15" count="13" type="cond" truecount="2" falsecount="0"/>
        <line num="16" count="2" type="stmt"/>
        <line num="19" count="11" type="cond" truecount="2" falsecount="0"/>
        <line num="20" count="4" type="stmt"/>
        <line num="23" count="7" type="cond" truecount="4" falsecount="0"/>
        <line num="24" count="2" type="stmt"/>
        <line num="33" count="5" type="stmt"/>
      </file>
      <file name="EmptyState.tsx" path="/Users/pavelmishchenko/Downloads/911b19c6-e767-4655-acf7-b7a2e23d10f0/src/view/EmptyState.tsx">
        <metrics statements="2" coveredstatements="2" conditionals="3" coveredconditionals="3" methods="1" coveredmethods="1"/>
        <line num="9" count="2" type="stmt"/>
        <line num="14" count="6" type="stmt"/>
      </file>
      <file name="ErrorState.tsx" path="/Users/pavelmishchenko/Downloads/911b19c6-e767-4655-acf7-b7a2e23d10f0/src/view/ErrorState.tsx">
        <metrics statements="2" coveredstatements="2" conditionals="1" coveredconditionals="1" methods="1" coveredmethods="1"/>
        <line num="8" count="2" type="cond" truecount="1" falsecount="0"/>
        <line num="9" count="8" type="stmt"/>
      </file>
      <file name="Header.tsx" path="/Users/pavelmishchenko/Downloads/911b19c6-e767-4655-acf7-b7a2e23d10f0/src/view/Header.tsx">
        <metrics statements="2" coveredstatements="2" conditionals="0" coveredconditionals="0" methods="1" coveredmethods="1"/>
        <line num="9" count="2" type="stmt"/>
        <line num="10" count="15" type="stmt"/>
      </file>
      <file name="LoadingState.tsx" path="/Users/pavelmishchenko/Downloads/911b19c6-e767-4655-acf7-b7a2e23d10f0/src/view/LoadingState.tsx">
        <metrics statements="2" coveredstatements="2" conditionals="1" coveredconditionals="1" methods="1" coveredmethods="1"/>
        <line num="7" count="2" type="cond" truecount="1" falsecount="0"/>
        <line num="8" count="6" type="stmt"/>
      </file>
    </package>
    <package name="src.viewmodel">
      <metrics statements="27" coveredstatements="25" conditionals="10" coveredconditionals="9" methods="16" coveredmethods="14"/>
      <file name="BooksController.ts" path="/Users/pavelmishchenko/Downloads/911b19c6-e767-4655-acf7-b7a2e23d10f0/src/viewmodel/BooksController.ts">
        <metrics statements="27" coveredstatements="25" conditionals="10" coveredconditionals="9" methods="16" coveredmethods="14"/>
        <line num="6" count="23" type="stmt"/>
        <line num="7" count="23" type="stmt"/>
        <line num="8" count="23" type="stmt"/>
        <line num="11" count="23" type="stmt"/>
        <line num="17" count="11" type="stmt"/>
        <line num="22" count="11" type="stmt"/>
        <line num="27" count="0" type="stmt"/>
        <line num="33" count="1" type="stmt"/>
        <line num="38" count="5" type="cond" truecount="2" falsecount="0"/>
        <line num="39" count="1" type="stmt"/>
        <line num="42" count="4" type="stmt"/>
        <line num="44" count="4" type="cond" truecount="2" falsecount="0"/>
        <line num="45" count="2" type="stmt"/>
        <line num="46" count="2" type="stmt"/>
        <line num="49" count="2" type="stmt"/>
        <line num="54" count="3" type="stmt"/>
        <line num="55" count="3" type="stmt"/>
        <line num="60" count="13" type="cond" truecount="2" falsecount="0"/>
        <line num="64" count="3" type="cond" truecount="2" falsecount="0"/>
        <line num="68" count="5" type="cond" truecount="1" falsecount="1"/>
        <line num="69" count="5" type="stmt"/>
        <line num="71" count="0" type="stmt"/>
        <line num="76" count="1" type="stmt"/>
        <line num="80" count="1" type="stmt"/>
        <line num="84" count="2" type="stmt"/>
        <line num="88" count="2" type="stmt"/>
        <line num="92" count="1" type="stmt"/>
      </file>
    </package>
  </project>
</coverage>
