{"/Users/pavelmishchenko/Downloads/911b19c6-e767-4655-acf7-b7a2e23d10f0/src/index.tsx": {"path":"/Users/pavelmishchenko/Downloads/911b19c6-e767-4655-acf7-b7a2e23d10f0/src/index.tsx","statementMap":{"0":{"start":{"line":7,"column":0},"end":{"line":10,"column":2}}},"fnMap":{},"branchMap":{},"s":{"0":0},"f":{},"b":{}}
,"/Users/pavelmishchenko/Downloads/911b19c6-e767-4655-acf7-b7a2e23d10f0/src/mobx-config.ts": {"path":"/Users/pavelmishchenko/Downloads/911b19c6-e767-4655-acf7-b7a2e23d10f0/src/mobx-config.ts","statementMap":{"0":{"start":{"line":4,"column":0},"end":{"line":10,"column":3}}},"fnMap":{},"branchMap":{},"s":{"0":0},"f":{},"b":{}}
,"/Users/pavelmishchenko/Downloads/911b19c6-e767-4655-acf7-b7a2e23d10f0/src/services/ApiGateway.ts": {"path":"/Users/pavelmishchenko/Downloads/911b19c6-e767-4655-acf7-b7a2e23d10f0/src/services/ApiGateway.ts","statementMap":{"0":{"start":{"line":5,"column":4},"end":{"line":33,"column":5}},"1":{"start":{"line":6,"column":25},"end":{"line":6,"column":74}},"2":{"start":{"line":8,"column":6},"end":{"line":30,"column":7}},"3":{"start":{"line":10,"column":26},"end":{"line":10,"column":47}},"4":{"start":{"line":11,"column":8},"end":{"line":15,"column":9}},"5":{"start":{"line":12,"column":10},"end":{"line":12,"column":43}},"6":{"start":{"line":13,"column":15},"end":{"line":15,"column":9}},"7":{"start":{"line":14,"column":10},"end":{"line":14,"column":41}},"8":{"start":{"line":18,"column":8},"end":{"line":29,"column":9}},"9":{"start":{"line":19,"column":28},"end":{"line":19,"column":49}},"10":{"start":{"line":20,"column":10},"end":{"line":25,"column":11}},"11":{"start":{"line":21,"column":12},"end":{"line":22,"column":96}},"12":{"start":{"line":23,"column":17},"end":{"line":25,"column":11}},"13":{"start":{"line":24,"column":12},"end":{"line":24,"column":109}},"14":{"start":{"line":28,"column":10},"end":{"line":28,"column":73}},"15":{"start":{"line":32,"column":6},"end":{"line":32,"column":36}},"16":{"start":{"line":35,"column":4},"end":{"line":39,"column":5}},"17":{"start":{"line":36,"column":6},"end":{"line":36,"column":35}},"18":{"start":{"line":38,"column":6},"end":{"line":38,"column":59}},"19":{"start":{"line":42,"column":8},"end":{"line":49,"column":3}},"20":{"start":{"line":43,"column":4},"end":{"line":48,"column":5}},"21":{"start":{"line":44,"column":23},"end":{"line":44,"column":56}},"22":{"start":{"line":45,"column":6},"end":{"line":45,"column":49}},"23":{"start":{"line":47,"column":6},"end":{"line":47,"column":105}},"24":{"start":{"line":51,"column":9},"end":{"line":64,"column":3}},"25":{"start":{"line":52,"column":4},"end":{"line":63,"column":5}},"26":{"start":{"line":53,"column":23},"end":{"line":59,"column":8}},"27":{"start":{"line":60,"column":6},"end":{"line":60,"column":49}},"28":{"start":{"line":62,"column":6},"end":{"line":62,"column":106}}},"fnMap":{"0":{"name":"(anonymous_0)","decl":{"start":{"line":4,"column":2},"end":{"line":4,"column":3}},"loc":{"start":{"line":4,"column":61},"end":{"line":40,"column":3}},"line":4},"1":{"name":"(anonymous_1)","decl":{"start":{"line":42,"column":8},"end":{"line":42,"column":9}},"loc":{"start":{"line":42,"column":50},"end":{"line":49,"column":3}},"line":42},"2":{"name":"(anonymous_2)","decl":{"start":{"line":51,"column":9},"end":{"line":51,"column":10}},"loc":{"start":{"line":51,"column":68},"end":{"line":64,"column":3}},"line":51}},"branchMap":{"0":{"loc":{"start":{"line":5,"column":4},"end":{"line":33,"column":5}},"type":"if","locations":[{"start":{"line":5,"column":4},"end":{"line":33,"column":5}},{"start":{},"end":{}}],"line":5},"1":{"loc":{"start":{"line":11,"column":8},"end":{"line":15,"column":9}},"type":"if","locations":[{"start":{"line":11,"column":8},"end":{"line":15,"column":9}},{"start":{"line":13,"column":15},"end":{"line":15,"column":9}}],"line":11},"2":{"loc":{"start":{"line":13,"column":15},"end":{"line":15,"column":9}},"type":"if","locations":[{"start":{"line":13,"column":15},"end":{"line":15,"column":9}},{"start":{},"end":{}}],"line":13},"3":{"loc":{"start":{"line":20,"column":10},"end":{"line":25,"column":11}},"type":"if","locations":[{"start":{"line":20,"column":10},"end":{"line":25,"column":11}},{"start":{"line":23,"column":17},"end":{"line":25,"column":11}}],"line":20},"4":{"loc":{"start":{"line":23,"column":17},"end":{"line":25,"column":11}},"type":"if","locations":[{"start":{"line":23,"column":17},"end":{"line":25,"column":11}},{"start":{},"end":{}}],"line":23},"5":{"loc":{"start":{"line":24,"column":71},"end":{"line":24,"column":106}},"type":"cond-expr","locations":[{"start":{"line":24,"column":96},"end":{"line":24,"column":101}},{"start":{"line":24,"column":104},"end":{"line":24,"column":106}}],"line":24},"6":{"loc":{"start":{"line":47,"column":45},"end":{"line":47,"column":101}},"type":"cond-expr","locations":[{"start":{"line":47,"column":70},"end":{"line":47,"column":83}},{"start":{"line":47,"column":86},"end":{"line":47,"column":101}}],"line":47},"7":{"loc":{"start":{"line":62,"column":46},"end":{"line":62,"column":102}},"type":"cond-expr","locations":[{"start":{"line":62,"column":71},"end":{"line":62,"column":84}},{"start":{"line":62,"column":87},"end":{"line":62,"column":102}}],"line":62}},"s":{"0":8,"1":4,"2":4,"3":4,"4":1,"5":1,"6":0,"7":0,"8":3,"9":3,"10":2,"11":1,"12":1,"13":1,"14":1,"15":4,"16":4,"17":4,"18":1,"19":15,"20":2,"21":2,"22":1,"23":1,"24":15,"25":2,"26":2,"27":1,"28":1},"f":{"0":8,"1":2,"2":2},"b":{"0":[4,4],"1":[1,0],"2":[0,0],"3":[1,1],"4":[1,0],"5":[0,1],"6":[1,0],"7":[1,0]},"_coverageSchema":"1a1c01bbd47fc00a2c39e90264f33305004495a9","hash":"e36706e4f215e4ec8d5a0ea6c57c7f7583b3f3a1"}
,"/Users/pavelmishchenko/Downloads/911b19c6-e767-4655-acf7-b7a2e23d10f0/src/services/Books.repository.ts": {"path":"/Users/pavelmishchenko/Downloads/911b19c6-e767-4655-acf7-b7a2e23d10f0/src/services/Books.repository.ts","statementMap":{"0":{"start":{"line":9,"column":4},"end":{"line":9,"column":40}},"1":{"start":{"line":12,"column":16},"end":{"line":15,"column":3}},"2":{"start":{"line":13,"column":21},"end":{"line":13,"column":66}},"3":{"start":{"line":14,"column":4},"end":{"line":14,"column":30}},"4":{"start":{"line":17,"column":20},"end":{"line":20,"column":3}},"5":{"start":{"line":18,"column":21},"end":{"line":18,"column":73}},"6":{"start":{"line":19,"column":4},"end":{"line":19,"column":30}},"7":{"start":{"line":22,"column":12},"end":{"line":28,"column":3}},"8":{"start":{"line":23,"column":23},"end":{"line":26,"column":27}},"9":{"start":{"line":27,"column":4},"end":{"line":27,"column":67}},"10":{"start":{"line":31,"column":24},"end":{"line":31,"column":45}}},"fnMap":{"0":{"name":"(anonymous_0)","decl":{"start":{"line":8,"column":2},"end":{"line":8,"column":3}},"loc":{"start":{"line":8,"column":16},"end":{"line":10,"column":3}},"line":8},"1":{"name":"(anonymous_1)","decl":{"start":{"line":12,"column":16},"end":{"line":12,"column":17}},"loc":{"start":{"line":12,"column":45},"end":{"line":15,"column":3}},"line":12},"2":{"name":"(anonymous_2)","decl":{"start":{"line":17,"column":20},"end":{"line":17,"column":21}},"loc":{"start":{"line":17,"column":49},"end":{"line":20,"column":3}},"line":17},"3":{"name":"(anonymous_3)","decl":{"start":{"line":22,"column":12},"end":{"line":22,"column":13}},"loc":{"start":{"line":22,"column":77},"end":{"line":28,"column":3}},"line":22}},"branchMap":{"0":{"loc":{"start":{"line":27,"column":11},"end":{"line":27,"column":66}},"type":"cond-expr","locations":[{"start":{"line":27,"column":54},"end":{"line":27,"column":58}},{"start":{"line":27,"column":61},"end":{"line":27,"column":66}}],"line":27},"1":{"loc":{"start":{"line":27,"column":11},"end":{"line":27,"column":51}},"type":"binary-expr","locations":[{"start":{"line":27,"column":11},"end":{"line":27,"column":21}},{"start":{"line":27,"column":25},"end":{"line":27,"column":51}}],"line":27}},"s":{"0":6,"1":6,"2":3,"3":2,"4":6,"5":3,"6":2,"7":6,"8":4,"9":3,"10":6},"f":{"0":6,"1":3,"2":3,"3":4},"b":{"0":[1,2],"1":[3,2]},"_coverageSchema":"1a1c01bbd47fc00a2c39e90264f33305004495a9","hash":"76f1a7cd3c7a0efc68708342b72551ea0fa86d89"}
,"/Users/pavelmishchenko/Downloads/911b19c6-e767-4655-acf7-b7a2e23d10f0/src/services/config.ts": {"path":"/Users/pavelmishchenko/Downloads/911b19c6-e767-4655-acf7-b7a2e23d10f0/src/services/config.ts","statementMap":{"0":{"start":{"line":2,"column":2},"end":{"line":2,"column":72}},"1":{"start":{"line":3,"column":20},"end":{"line":3,"column":61}}},"fnMap":{},"branchMap":{"0":{"loc":{"start":{"line":2,"column":2},"end":{"line":2,"column":72}},"type":"binary-expr","locations":[{"start":{"line":2,"column":2},"end":{"line":2,"column":32}},{"start":{"line":2,"column":36},"end":{"line":2,"column":72}}],"line":2},"1":{"loc":{"start":{"line":3,"column":20},"end":{"line":3,"column":61}},"type":"binary-expr","locations":[{"start":{"line":3,"column":20},"end":{"line":3,"column":46}},{"start":{"line":3,"column":50},"end":{"line":3,"column":61}}],"line":3}},"s":{"0":7,"1":7},"f":{},"b":{"0":[7,7],"1":[7,7]},"_coverageSchema":"1a1c01bbd47fc00a2c39e90264f33305004495a9","hash":"b2d9addc5809fbd6998954ccd1b31281b4177172"}
,"/Users/pavelmishchenko/Downloads/911b19c6-e767-4655-acf7-b7a2e23d10f0/src/store/BooksStore.ts": {"path":"/Users/pavelmishchenko/Downloads/911b19c6-e767-4655-acf7-b7a2e23d10f0/src/store/BooksStore.ts","statementMap":{"0":{"start":{"line":6,"column":18},"end":{"line":6,"column":20}},"1":{"start":{"line":7,"column":25},"end":{"line":7,"column":27}},"2":{"start":{"line":8,"column":23},"end":{"line":8,"column":28}},"3":{"start":{"line":9,"column":25},"end":{"line":9,"column":29}},"4":{"start":{"line":12,"column":4},"end":{"line":12,"column":53}},"5":{"start":{"line":17,"column":4},"end":{"line":17,"column":26}},"6":{"start":{"line":18,"column":4},"end":{"line":18,"column":22}},"7":{"start":{"line":20,"column":4},"end":{"line":36,"column":5}},"8":{"start":{"line":21,"column":39},"end":{"line":24,"column":8}},"9":{"start":{"line":26,"column":6},"end":{"line":30,"column":9}},"10":{"start":{"line":27,"column":8},"end":{"line":27,"column":30}},"11":{"start":{"line":28,"column":8},"end":{"line":28,"column":41}},"12":{"start":{"line":29,"column":8},"end":{"line":29,"column":31}},"13":{"start":{"line":32,"column":6},"end":{"line":35,"column":9}},"14":{"start":{"line":33,"column":8},"end":{"line":33,"column":70}},"15":{"start":{"line":34,"column":8},"end":{"line":34,"column":31}},"16":{"start":{"line":41,"column":4},"end":{"line":41,"column":26}},"17":{"start":{"line":42,"column":4},"end":{"line":42,"column":22}},"18":{"start":{"line":44,"column":4},"end":{"line":60,"column":5}},"19":{"start":{"line":45,"column":22},"end":{"line":45,"column":69}},"20":{"start":{"line":46,"column":6},"end":{"line":53,"column":7}},"21":{"start":{"line":47,"column":8},"end":{"line":47,"column":31}},"22":{"start":{"line":49,"column":8},"end":{"line":52,"column":11}},"23":{"start":{"line":50,"column":10},"end":{"line":50,"column":63}},"24":{"start":{"line":51,"column":10},"end":{"line":51,"column":33}},"25":{"start":{"line":55,"column":6},"end":{"line":59,"column":9}},"26":{"start":{"line":56,"column":8},"end":{"line":57,"column":71}},"27":{"start":{"line":58,"column":8},"end":{"line":58,"column":31}},"28":{"start":{"line":64,"column":4},"end":{"line":64,"column":33}},"29":{"start":{"line":68,"column":4},"end":{"line":68,"column":29}},"30":{"start":{"line":72,"column":4},"end":{"line":72,"column":36}}},"fnMap":{"0":{"name":"(anonymous_0)","decl":{"start":{"line":11,"column":2},"end":{"line":11,"column":3}},"loc":{"start":{"line":11,"column":16},"end":{"line":13,"column":3}},"line":11},"1":{"name":"(anonymous_1)","decl":{"start":{"line":15,"column":2},"end":{"line":15,"column":3}},"loc":{"start":{"line":16,"column":35},"end":{"line":37,"column":3}},"line":16},"2":{"name":"(anonymous_2)","decl":{"start":{"line":26,"column":18},"end":{"line":26,"column":19}},"loc":{"start":{"line":26,"column":24},"end":{"line":30,"column":7}},"line":26},"3":{"name":"(anonymous_3)","decl":{"start":{"line":32,"column":18},"end":{"line":32,"column":19}},"loc":{"start":{"line":32,"column":24},"end":{"line":35,"column":7}},"line":32},"4":{"name":"(anonymous_4)","decl":{"start":{"line":39,"column":2},"end":{"line":39,"column":3}},"loc":{"start":{"line":40,"column":61},"end":{"line":61,"column":3}},"line":40},"5":{"name":"(anonymous_5)","decl":{"start":{"line":49,"column":20},"end":{"line":49,"column":21}},"loc":{"start":{"line":49,"column":26},"end":{"line":52,"column":9}},"line":49},"6":{"name":"(anonymous_6)","decl":{"start":{"line":55,"column":18},"end":{"line":55,"column":19}},"loc":{"start":{"line":55,"column":24},"end":{"line":59,"column":7}},"line":55},"7":{"name":"(anonymous_7)","decl":{"start":{"line":63,"column":2},"end":{"line":63,"column":3}},"loc":{"start":{"line":63,"column":26},"end":{"line":65,"column":3}},"line":63},"8":{"name":"(anonymous_8)","decl":{"start":{"line":67,"column":2},"end":{"line":67,"column":3}},"loc":{"start":{"line":67,"column":27},"end":{"line":69,"column":3}},"line":67},"9":{"name":"(anonymous_9)","decl":{"start":{"line":71,"column":2},"end":{"line":71,"column":3}},"loc":{"start":{"line":71,"column":34},"end":{"line":73,"column":3}},"line":71}},"branchMap":{"0":{"loc":{"start":{"line":46,"column":6},"end":{"line":53,"column":7}},"type":"if","locations":[{"start":{"line":46,"column":6},"end":{"line":53,"column":7}},{"start":{"line":48,"column":13},"end":{"line":53,"column":7}}],"line":46}},"s":{"0":20,"1":20,"2":20,"3":20,"4":20,"5":5,"6":5,"7":5,"8":5,"9":4,"10":4,"11":4,"12":4,"13":1,"14":1,"15":1,"16":4,"17":4,"18":4,"19":4,"20":3,"21":2,"22":1,"23":1,"24":1,"25":1,"26":1,"27":1,"28":3,"29":3,"30":3},"f":{"0":20,"1":5,"2":4,"3":1,"4":4,"5":1,"6":1,"7":3,"8":3,"9":3},"b":{"0":[2,1]},"_coverageSchema":"1a1c01bbd47fc00a2c39e90264f33305004495a9","hash":"1c3f532ba7625a49e6396056c28d59c9da8d5f79"}
,"/Users/pavelmishchenko/Downloads/911b19c6-e767-4655-acf7-b7a2e23d10f0/src/types/Book.ts": {"path":"/Users/pavelmishchenko/Downloads/911b19c6-e767-4655-acf7-b7a2e23d10f0/src/types/Book.ts","statementMap":{},"fnMap":{},"branchMap":{},"s":{},"f":{},"b":{}}
,"/Users/pavelmishchenko/Downloads/911b19c6-e767-4655-acf7-b7a2e23d10f0/src/view/BookForm.tsx": {"path":"/Users/pavelmishchenko/Downloads/911b19c6-e767-4655-acf7-b7a2e23d10f0/src/view/BookForm.tsx","statementMap":{"0":{"start":{"line":13,"column":42},"end":{"line":55,"column":1}},"1":{"start":{"line":22,"column":2},"end":{"line":54,"column":4}},"2":{"start":{"line":29,"column":27},"end":{"line":29,"column":55}},"3":{"start":{"line":39,"column":27},"end":{"line":39,"column":57}}},"fnMap":{"0":{"name":"(anonymous_0)","decl":{"start":{"line":13,"column":42},"end":{"line":13,"column":43}},"loc":{"start":{"line":21,"column":6},"end":{"line":55,"column":1}},"line":21},"1":{"name":"(anonymous_1)","decl":{"start":{"line":29,"column":20},"end":{"line":29,"column":21}},"loc":{"start":{"line":29,"column":27},"end":{"line":29,"column":55}},"line":29},"2":{"name":"(anonymous_2)","decl":{"start":{"line":39,"column":20},"end":{"line":39,"column":21}},"loc":{"start":{"line":39,"column":27},"end":{"line":39,"column":57}},"line":39}},"branchMap":{"0":{"loc":{"start":{"line":47,"column":20},"end":{"line":47,"column":43}},"type":"binary-expr","locations":[{"start":{"line":47,"column":20},"end":{"line":47,"column":30}},{"start":{"line":47,"column":34},"end":{"line":47,"column":43}}],"line":47},"1":{"loc":{"start":{"line":50,"column":11},"end":{"line":50,"column":47}},"type":"cond-expr","locations":[{"start":{"line":50,"column":23},"end":{"line":50,"column":34}},{"start":{"line":50,"column":37},"end":{"line":50,"column":47}}],"line":50}},"s":{"0":1,"1":12,"2":1,"3":1},"f":{"0":12,"1":1,"2":1},"b":{"0":[12,2],"1":[2,10]},"_coverageSchema":"1a1c01bbd47fc00a2c39e90264f33305004495a9","hash":"df7d4f19f096681e4c9d4def97310c509113e3f8"}
,"/Users/pavelmishchenko/Downloads/911b19c6-e767-4655-acf7-b7a2e23d10f0/src/view/BookItem.tsx": {"path":"/Users/pavelmishchenko/Downloads/911b19c6-e767-4655-acf7-b7a2e23d10f0/src/view/BookItem.tsx","statementMap":{"0":{"start":{"line":8,"column":17},"end":{"line":16,"column":1}},"1":{"start":{"line":9,"column":2},"end":{"line":15,"column":4}}},"fnMap":{"0":{"name":"(anonymous_0)","decl":{"start":{"line":8,"column":17},"end":{"line":8,"column":18}},"loc":{"start":{"line":8,"column":46},"end":{"line":16,"column":1}},"line":8}},"branchMap":{},"s":{"0":1,"1":4},"f":{"0":4},"b":{},"_coverageSchema":"1a1c01bbd47fc00a2c39e90264f33305004495a9","hash":"cbadf1fbddddfb0690240233247ce2a2cd5fe86a"}
,"/Users/pavelmishchenko/Downloads/911b19c6-e767-4655-acf7-b7a2e23d10f0/src/view/Books.tsx": {"path":"/Users/pavelmishchenko/Downloads/911b19c6-e767-4655-acf7-b7a2e23d10f0/src/view/Books.tsx","statementMap":{"0":{"start":{"line":13,"column":36},"end":{"line":41,"column":2}},"1":{"start":{"line":14,"column":2},"end":{"line":40,"column":4}}},"fnMap":{"0":{"name":"(anonymous_0)","decl":{"start":{"line":13,"column":45},"end":{"line":13,"column":46}},"loc":{"start":{"line":13,"column":65},"end":{"line":41,"column":1}},"line":13}},"branchMap":{},"s":{"0":1,"1":11},"f":{"0":11},"b":{},"_coverageSchema":"1a1c01bbd47fc00a2c39e90264f33305004495a9","hash":"a86f8a939d37e6372a746e2dd190ac1f9264c475"}
,"/Users/pavelmishchenko/Downloads/911b19c6-e767-4655-acf7-b7a2e23d10f0/src/view/BooksContainer.tsx": {"path":"/Users/pavelmishchenko/Downloads/911b19c6-e767-4655-acf7-b7a2e23d10f0/src/view/BooksContainer.tsx","statementMap":{"0":{"start":{"line":6,"column":23},"end":{"line":19,"column":2}},"1":{"start":{"line":7,"column":23},"end":{"line":7,"column":60}},"2":{"start":{"line":7,"column":38},"end":{"line":7,"column":59}},"3":{"start":{"line":9,"column":2},"end":{"line":16,"column":19}},"4":{"start":{"line":10,"column":4},"end":{"line":10,"column":28}},"5":{"start":{"line":13,"column":4},"end":{"line":15,"column":6}},"6":{"start":{"line":14,"column":6},"end":{"line":14,"column":27}},"7":{"start":{"line":18,"column":2},"end":{"line":18,"column":43}}},"fnMap":{"0":{"name":"(anonymous_0)","decl":{"start":{"line":6,"column":32},"end":{"line":6,"column":33}},"loc":{"start":{"line":6,"column":38},"end":{"line":19,"column":1}},"line":6},"1":{"name":"(anonymous_1)","decl":{"start":{"line":7,"column":32},"end":{"line":7,"column":33}},"loc":{"start":{"line":7,"column":38},"end":{"line":7,"column":59}},"line":7},"2":{"name":"(anonymous_2)","decl":{"start":{"line":9,"column":12},"end":{"line":9,"column":13}},"loc":{"start":{"line":9,"column":18},"end":{"line":16,"column":3}},"line":9},"3":{"name":"(anonymous_3)","decl":{"start":{"line":13,"column":11},"end":{"line":13,"column":12}},"loc":{"start":{"line":13,"column":17},"end":{"line":15,"column":5}},"line":13}},"branchMap":{},"s":{"0":1,"1":11,"2":11,"3":11,"4":11,"5":11,"6":11,"7":11},"f":{"0":11,"1":11,"2":11,"3":11},"b":{},"_coverageSchema":"1a1c01bbd47fc00a2c39e90264f33305004495a9","hash":"51199d64914fa57c28b5be7acbf1cda0901e8465"}
,"/Users/pavelmishchenko/Downloads/911b19c6-e767-4655-acf7-b7a2e23d10f0/src/view/BooksContent.tsx": {"path":"/Users/pavelmishchenko/Downloads/911b19c6-e767-4655-acf7-b7a2e23d10f0/src/view/BooksContent.tsx","statementMap":{"0":{"start":{"line":9,"column":21},"end":{"line":15,"column":1}},"1":{"start":{"line":10,"column":2},"end":{"line":14,"column":8}},"2":{"start":{"line":12,"column":6},"end":{"line":12,"column":77}}},"fnMap":{"0":{"name":"(anonymous_0)","decl":{"start":{"line":9,"column":21},"end":{"line":9,"column":22}},"loc":{"start":{"line":10,"column":2},"end":{"line":14,"column":8}},"line":10},"1":{"name":"(anonymous_1)","decl":{"start":{"line":11,"column":15},"end":{"line":11,"column":16}},"loc":{"start":{"line":12,"column":6},"end":{"line":12,"column":77}},"line":12}},"branchMap":{"0":{"loc":{"start":{"line":12,"column":21},"end":{"line":12,"column":61}},"type":"binary-expr","locations":[{"start":{"line":12,"column":21},"end":{"line":12,"column":28}},{"start":{"line":12,"column":32},"end":{"line":12,"column":61}}],"line":12}},"s":{"0":1,"1":5,"2":10},"f":{"0":5,"1":10},"b":{"0":[10,10]},"_coverageSchema":"1a1c01bbd47fc00a2c39e90264f33305004495a9","hash":"077da2ae38891d20beba2e9e45bbdcbdb459c87e"}
,"/Users/pavelmishchenko/Downloads/911b19c6-e767-4655-acf7-b7a2e23d10f0/src/view/BooksFilter.tsx": {"path":"/Users/pavelmishchenko/Downloads/911b19c6-e767-4655-acf7-b7a2e23d10f0/src/view/BooksFilter.tsx","statementMap":{"0":{"start":{"line":9,"column":48},"end":{"line":28,"column":2}},"1":{"start":{"line":10,"column":2},"end":{"line":27,"column":4}},"2":{"start":{"line":15,"column":25},"end":{"line":15,"column":57}},"3":{"start":{"line":21,"column":25},"end":{"line":21,"column":58}}},"fnMap":{"0":{"name":"(anonymous_0)","decl":{"start":{"line":9,"column":57},"end":{"line":9,"column":58}},"loc":{"start":{"line":9,"column":77},"end":{"line":28,"column":1}},"line":9},"1":{"name":"(anonymous_1)","decl":{"start":{"line":15,"column":19},"end":{"line":15,"column":20}},"loc":{"start":{"line":15,"column":25},"end":{"line":15,"column":57}},"line":15},"2":{"name":"(anonymous_2)","decl":{"start":{"line":21,"column":19},"end":{"line":21,"column":20}},"loc":{"start":{"line":21,"column":25},"end":{"line":21,"column":58}},"line":21}},"branchMap":{"0":{"loc":{"start":{"line":14,"column":35},"end":{"line":14,"column":79}},"type":"cond-expr","locations":[{"start":{"line":14,"column":66},"end":{"line":14,"column":74}},{"start":{"line":14,"column":77},"end":{"line":14,"column":79}}],"line":14},"1":{"loc":{"start":{"line":20,"column":35},"end":{"line":20,"column":80}},"type":"cond-expr","locations":[{"start":{"line":20,"column":67},"end":{"line":20,"column":75}},{"start":{"line":20,"column":78},"end":{"line":20,"column":80}}],"line":20}},"s":{"0":2,"1":16,"2":1,"3":1},"f":{"0":16,"1":1,"2":1},"b":{"0":[4,12],"1":[12,4]},"_coverageSchema":"1a1c01bbd47fc00a2c39e90264f33305004495a9","hash":"b2a8bb7d0b9a38a4ceef92ba8e76ba636399eaaf"}
,"/Users/pavelmishchenko/Downloads/911b19c6-e767-4655-acf7-b7a2e23d10f0/src/view/BooksList.tsx": {"path":"/Users/pavelmishchenko/Downloads/911b19c6-e767-4655-acf7-b7a2e23d10f0/src/view/BooksList.tsx","statementMap":{"0":{"start":{"line":14,"column":44},"end":{"line":34,"column":1}},"1":{"start":{"line":15,"column":2},"end":{"line":17,"column":3}},"2":{"start":{"line":16,"column":4},"end":{"line":16,"column":55}},"3":{"start":{"line":19,"column":2},"end":{"line":21,"column":3}},"4":{"start":{"line":20,"column":4},"end":{"line":20,"column":42}},"5":{"start":{"line":23,"column":2},"end":{"line":31,"column":3}},"6":{"start":{"line":24,"column":4},"end":{"line":30,"column":6}},"7":{"start":{"line":33,"column":2},"end":{"line":33,"column":40}}},"fnMap":{"0":{"name":"(anonymous_0)","decl":{"start":{"line":14,"column":44},"end":{"line":14,"column":45}},"loc":{"start":{"line":14,"column":77},"end":{"line":34,"column":1}},"line":14}},"branchMap":{"0":{"loc":{"start":{"line":15,"column":2},"end":{"line":17,"column":3}},"type":"if","locations":[{"start":{"line":15,"column":2},"end":{"line":17,"column":3}},{"start":{},"end":{}}],"line":15},"1":{"loc":{"start":{"line":19,"column":2},"end":{"line":21,"column":3}},"type":"if","locations":[{"start":{"line":19,"column":2},"end":{"line":21,"column":3}},{"start":{},"end":{}}],"line":19},"2":{"loc":{"start":{"line":23,"column":2},"end":{"line":31,"column":3}},"type":"if","locations":[{"start":{"line":23,"column":2},"end":{"line":31,"column":3}},{"start":{},"end":{}}],"line":23},"3":{"loc":{"start":{"line":23,"column":6},"end":{"line":23,"column":34}},"type":"binary-expr","locations":[{"start":{"line":23,"column":6},"end":{"line":23,"column":12}},{"start":{"line":23,"column":16},"end":{"line":23,"column":34}}],"line":23}},"s":{"0":1,"1":13,"2":2,"3":11,"4":4,"5":7,"6":2,"7":5},"f":{"0":13},"b":{"0":[2,11],"1":[4,7],"2":[2,5],"3":[7,6]},"_coverageSchema":"1a1c01bbd47fc00a2c39e90264f33305004495a9","hash":"96de60cd9ef4aac1e0e3bca9de69628fbd978d08"}
,"/Users/pavelmishchenko/Downloads/911b19c6-e767-4655-acf7-b7a2e23d10f0/src/view/EmptyState.tsx": {"path":"/Users/pavelmishchenko/Downloads/911b19c6-e767-4655-acf7-b7a2e23d10f0/src/view/EmptyState.tsx","statementMap":{"0":{"start":{"line":9,"column":19},"end":{"line":19,"column":1}},"1":{"start":{"line":14,"column":2},"end":{"line":18,"column":8}}},"fnMap":{"0":{"name":"(anonymous_0)","decl":{"start":{"line":9,"column":19},"end":{"line":9,"column":20}},"loc":{"start":{"line":14,"column":2},"end":{"line":18,"column":8}},"line":14}},"branchMap":{"0":{"loc":{"start":{"line":10,"column":2},"end":{"line":10,"column":13}},"type":"default-arg","locations":[{"start":{"line":10,"column":9},"end":{"line":10,"column":13}}],"line":10},"1":{"loc":{"start":{"line":11,"column":2},"end":{"line":11,"column":26}},"type":"default-arg","locations":[{"start":{"line":11,"column":10},"end":{"line":11,"column":26}}],"line":11},"2":{"loc":{"start":{"line":12,"column":2},"end":{"line":12,"column":46}},"type":"default-arg","locations":[{"start":{"line":12,"column":13},"end":{"line":12,"column":46}}],"line":12}},"s":{"0":2,"1":6},"f":{"0":6},"b":{"0":[3],"1":[3],"2":[3]},"_coverageSchema":"1a1c01bbd47fc00a2c39e90264f33305004495a9","hash":"0aed6ca9f5740d96a64726b69cf15e15e2e82018"}
,"/Users/pavelmishchenko/Downloads/911b19c6-e767-4655-acf7-b7a2e23d10f0/src/view/ErrorState.tsx": {"path":"/Users/pavelmishchenko/Downloads/911b19c6-e767-4655-acf7-b7a2e23d10f0/src/view/ErrorState.tsx","statementMap":{"0":{"start":{"line":8,"column":19},"end":{"line":12,"column":1}},"1":{"start":{"line":9,"column":2},"end":{"line":11,"column":8}}},"fnMap":{"0":{"name":"(anonymous_0)","decl":{"start":{"line":8,"column":19},"end":{"line":8,"column":20}},"loc":{"start":{"line":9,"column":2},"end":{"line":11,"column":8}},"line":9}},"branchMap":{"0":{"loc":{"start":{"line":8,"column":31},"end":{"line":8,"column":50}},"type":"default-arg","locations":[{"start":{"line":8,"column":43},"end":{"line":8,"column":50}}],"line":8}},"s":{"0":2,"1":8},"f":{"0":8},"b":{"0":[7]},"_coverageSchema":"1a1c01bbd47fc00a2c39e90264f33305004495a9","hash":"fe61c5d9a7ef2db63ccc749b816b8215a777e247"}
,"/Users/pavelmishchenko/Downloads/911b19c6-e767-4655-acf7-b7a2e23d10f0/src/view/Header.tsx": {"path":"/Users/pavelmishchenko/Downloads/911b19c6-e767-4655-acf7-b7a2e23d10f0/src/view/Header.tsx","statementMap":{"0":{"start":{"line":9,"column":38},"end":{"line":20,"column":2}},"1":{"start":{"line":10,"column":2},"end":{"line":19,"column":4}}},"fnMap":{"0":{"name":"(anonymous_0)","decl":{"start":{"line":9,"column":47},"end":{"line":9,"column":48}},"loc":{"start":{"line":9,"column":67},"end":{"line":20,"column":1}},"line":9}},"branchMap":{},"s":{"0":2,"1":15},"f":{"0":15},"b":{},"_coverageSchema":"1a1c01bbd47fc00a2c39e90264f33305004495a9","hash":"f904faab961657837d26b30a62551e6424b67424"}
,"/Users/pavelmishchenko/Downloads/911b19c6-e767-4655-acf7-b7a2e23d10f0/src/view/LoadingState.tsx": {"path":"/Users/pavelmishchenko/Downloads/911b19c6-e767-4655-acf7-b7a2e23d10f0/src/view/LoadingState.tsx","statementMap":{"0":{"start":{"line":7,"column":21},"end":{"line":9,"column":1}},"1":{"start":{"line":8,"column":2},"end":{"line":8,"column":42}}},"fnMap":{"0":{"name":"(anonymous_0)","decl":{"start":{"line":7,"column":21},"end":{"line":7,"column":22}},"loc":{"start":{"line":8,"column":2},"end":{"line":8,"column":42}},"line":8}},"branchMap":{"0":{"loc":{"start":{"line":7,"column":24},"end":{"line":7,"column":46}},"type":"default-arg","locations":[{"start":{"line":7,"column":34},"end":{"line":7,"column":46}}],"line":7}},"s":{"0":2,"1":6},"f":{"0":6},"b":{"0":[3]},"_coverageSchema":"1a1c01bbd47fc00a2c39e90264f33305004495a9","hash":"c63570420a15a90ed9ebc68ccefd99337efd1bbb"}
,"/Users/pavelmishchenko/Downloads/911b19c6-e767-4655-acf7-b7a2e23d10f0/src/viewmodel/BooksController.ts": {"path":"/Users/pavelmishchenko/Downloads/911b19c6-e767-4655-acf7-b7a2e23d10f0/src/viewmodel/BooksController.ts","statementMap":{"0":{"start":{"line":6,"column":24},"end":{"line":6,"column":26}},"1":{"start":{"line":7,"column":26},"end":{"line":7,"column":28}},"2":{"start":{"line":8,"column":31},"end":{"line":8,"column":35}},"3":{"start":{"line":11,"column":4},"end":{"line":11,"column":53}},"4":{"start":{"line":17,"column":4},"end":{"line":17,"column":28}},"5":{"start":{"line":22,"column":4},"end":{"line":22,"column":32}},"6":{"start":{"line":27,"column":4},"end":{"line":27,"column":37}},"7":{"start":{"line":33,"column":4},"end":{"line":33,"column":33}},"8":{"start":{"line":38,"column":4},"end":{"line":40,"column":5}},"9":{"start":{"line":39,"column":6},"end":{"line":39,"column":19}},"10":{"start":{"line":42,"column":4},"end":{"line":42,"column":67}},"11":{"start":{"line":44,"column":4},"end":{"line":47,"column":5}},"12":{"start":{"line":45,"column":6},"end":{"line":45,"column":23}},"13":{"start":{"line":46,"column":6},"end":{"line":46,"column":18}},"14":{"start":{"line":49,"column":4},"end":{"line":49,"column":17}},"15":{"start":{"line":54,"column":4},"end":{"line":54,"column":26}},"16":{"start":{"line":55,"column":4},"end":{"line":55,"column":28}},"17":{"start":{"line":60,"column":4},"end":{"line":60,"column":78}},"18":{"start":{"line":64,"column":4},"end":{"line":64,"column":53}},"19":{"start":{"line":68,"column":4},"end":{"line":72,"column":5}},"20":{"start":{"line":69,"column":6},"end":{"line":69,"column":30}},"21":{"start":{"line":71,"column":6},"end":{"line":71,"column":37}},"22":{"start":{"line":76,"column":4},"end":{"line":76,"column":32}},"23":{"start":{"line":80,"column":4},"end":{"line":80,"column":28}},"24":{"start":{"line":84,"column":4},"end":{"line":84,"column":33}},"25":{"start":{"line":88,"column":4},"end":{"line":88,"column":29}},"26":{"start":{"line":92,"column":4},"end":{"line":92,"column":40}}},"fnMap":{"0":{"name":"(anonymous_0)","decl":{"start":{"line":10,"column":2},"end":{"line":10,"column":3}},"loc":{"start":{"line":10,"column":16},"end":{"line":12,"column":3}},"line":10},"1":{"name":"(anonymous_1)","decl":{"start":{"line":15,"column":2},"end":{"line":15,"column":3}},"loc":{"start":{"line":16,"column":37},"end":{"line":18,"column":3}},"line":16},"2":{"name":"(anonymous_2)","decl":{"start":{"line":20,"column":2},"end":{"line":20,"column":3}},"loc":{"start":{"line":21,"column":41},"end":{"line":23,"column":3}},"line":21},"3":{"name":"(anonymous_3)","decl":{"start":{"line":25,"column":2},"end":{"line":25,"column":3}},"loc":{"start":{"line":26,"column":42},"end":{"line":28,"column":3}},"line":26},"4":{"name":"(anonymous_4)","decl":{"start":{"line":31,"column":2},"end":{"line":31,"column":3}},"loc":{"start":{"line":32,"column":36},"end":{"line":34,"column":3}},"line":32},"5":{"name":"(anonymous_5)","decl":{"start":{"line":36,"column":2},"end":{"line":36,"column":3}},"loc":{"start":{"line":37,"column":42},"end":{"line":50,"column":3}},"line":37},"6":{"name":"(anonymous_6)","decl":{"start":{"line":52,"column":2},"end":{"line":52,"column":3}},"loc":{"start":{"line":53,"column":20},"end":{"line":56,"column":3}},"line":53},"7":{"name":"(anonymous_7)","decl":{"start":{"line":59,"column":2},"end":{"line":59,"column":3}},"loc":{"start":{"line":59,"column":29},"end":{"line":61,"column":3}},"line":59},"8":{"name":"(anonymous_8)","decl":{"start":{"line":63,"column":2},"end":{"line":63,"column":3}},"loc":{"start":{"line":63,"column":28},"end":{"line":65,"column":3}},"line":63},"9":{"name":"(anonymous_9)","decl":{"start":{"line":67,"column":2},"end":{"line":67,"column":3}},"loc":{"start":{"line":67,"column":22},"end":{"line":73,"column":3}},"line":67},"10":{"name":"(anonymous_10)","decl":{"start":{"line":75,"column":2},"end":{"line":75,"column":3}},"loc":{"start":{"line":75,"column":27},"end":{"line":77,"column":3}},"line":75},"11":{"name":"(anonymous_11)","decl":{"start":{"line":79,"column":2},"end":{"line":79,"column":3}},"loc":{"start":{"line":79,"column":29},"end":{"line":81,"column":3}},"line":79},"12":{"name":"(anonymous_12)","decl":{"start":{"line":83,"column":2},"end":{"line":83,"column":3}},"loc":{"start":{"line":83,"column":26},"end":{"line":85,"column":3}},"line":83},"13":{"name":"(anonymous_13)","decl":{"start":{"line":87,"column":2},"end":{"line":87,"column":3}},"loc":{"start":{"line":87,"column":27},"end":{"line":89,"column":3}},"line":87},"14":{"name":"(anonymous_14)","decl":{"start":{"line":91,"column":2},"end":{"line":91,"column":3}},"loc":{"start":{"line":91,"column":34},"end":{"line":93,"column":3}},"line":91},"15":{"name":"(anonymous_15)","decl":{"start":{"line":96,"column":2},"end":{"line":96,"column":3}},"loc":{"start":{"line":96,"column":18},"end":{"line":99,"column":3}},"line":96}},"branchMap":{"0":{"loc":{"start":{"line":38,"column":4},"end":{"line":40,"column":5}},"type":"if","locations":[{"start":{"line":38,"column":4},"end":{"line":40,"column":5}},{"start":{},"end":{}}],"line":38},"1":{"loc":{"start":{"line":44,"column":4},"end":{"line":47,"column":5}},"type":"if","locations":[{"start":{"line":44,"column":4},"end":{"line":47,"column":5}},{"start":{},"end":{}}],"line":44},"2":{"loc":{"start":{"line":60,"column":11},"end":{"line":60,"column":77}},"type":"binary-expr","locations":[{"start":{"line":60,"column":11},"end":{"line":60,"column":41}},{"start":{"line":60,"column":45},"end":{"line":60,"column":77}}],"line":60},"3":{"loc":{"start":{"line":64,"column":11},"end":{"line":64,"column":52}},"type":"binary-expr","locations":[{"start":{"line":64,"column":11},"end":{"line":64,"column":27}},{"start":{"line":64,"column":31},"end":{"line":64,"column":52}}],"line":64},"4":{"loc":{"start":{"line":68,"column":4},"end":{"line":72,"column":5}},"type":"if","locations":[{"start":{"line":68,"column":4},"end":{"line":72,"column":5}},{"start":{"line":70,"column":11},"end":{"line":72,"column":5}}],"line":68}},"s":{"0":23,"1":23,"2":23,"3":23,"4":11,"5":11,"6":0,"7":1,"8":5,"9":1,"10":4,"11":4,"12":2,"13":2,"14":2,"15":3,"16":3,"17":13,"18":3,"19":5,"20":5,"21":0,"22":1,"23":1,"24":2,"25":2,"26":1},"f":{"0":23,"1":11,"2":11,"3":0,"4":1,"5":5,"6":3,"7":13,"8":3,"9":5,"10":1,"11":1,"12":2,"13":2,"14":1,"15":0},"b":{"0":[1,4],"1":[2,2],"2":[13,8],"3":[3,2],"4":[5,0]},"_coverageSchema":"1a1c01bbd47fc00a2c39e90264f33305004495a9","hash":"6c6becb0d3a3b19a40871bdf1a140ef5bd76d00b"}
}
