TN:
SF:src/index.tsx
FNF:0
FNH:0
DA:7,0
LF:1
LH:0
BRF:0
BRH:0
end_of_record
TN:
SF:src/mobx-config.ts
FNF:0
FNH:0
DA:4,0
LF:1
LH:0
BRF:0
BRH:0
end_of_record
TN:
SF:src/services/ApiGateway.ts
FN:4,(anonymous_0)
FN:42,(anonymous_1)
FN:51,(anonymous_2)
FNF:3
FNH:3
FNDA:8,(anonymous_0)
FNDA:2,(anonymous_1)
FNDA:2,(anonymous_2)
DA:5,8
DA:6,4
DA:8,4
DA:10,4
DA:11,1
DA:12,1
DA:13,0
DA:14,0
DA:18,3
DA:19,3
DA:20,2
DA:21,1
DA:23,1
DA:24,1
DA:28,1
DA:32,4
DA:35,4
DA:36,4
DA:38,1
DA:42,15
DA:43,2
DA:44,2
DA:45,1
DA:47,1
DA:51,15
DA:52,2
DA:53,2
DA:60,1
DA:62,1
LF:29
LH:27
BRDA:5,0,0,4
BRDA:5,0,1,4
BRDA:11,1,0,1
BRDA:11,1,1,0
BRDA:13,2,0,0
BRDA:13,2,1,0
BRDA:20,3,0,1
BRDA:20,3,1,1
BRDA:23,4,0,1
BRDA:23,4,1,0
BRDA:24,5,0,0
BRDA:24,5,1,1
BRDA:47,6,0,1
BRDA:47,6,1,0
BRDA:62,7,0,1
BRDA:62,7,1,0
BRF:16
BRH:9
end_of_record
TN:
SF:src/services/Books.repository.ts
FN:8,(anonymous_0)
FN:12,(anonymous_1)
FN:17,(anonymous_2)
FN:22,(anonymous_3)
FNF:4
FNH:4
FNDA:6,(anonymous_0)
FNDA:3,(anonymous_1)
FNDA:3,(anonymous_2)
FNDA:4,(anonymous_3)
DA:9,6
DA:12,6
DA:13,3
DA:14,2
DA:17,6
DA:18,3
DA:19,2
DA:22,6
DA:23,4
DA:27,3
DA:31,6
LF:11
LH:11
BRDA:27,0,0,1
BRDA:27,0,1,2
BRDA:27,1,0,3
BRDA:27,1,1,2
BRF:4
BRH:4
end_of_record
TN:
SF:src/services/config.ts
FNF:0
FNH:0
DA:2,7
DA:3,7
LF:2
LH:2
BRDA:2,0,0,7
BRDA:2,0,1,7
BRDA:3,1,0,7
BRDA:3,1,1,7
BRF:4
BRH:4
end_of_record
TN:
SF:src/store/BooksStore.ts
FN:11,(anonymous_0)
FN:15,(anonymous_1)
FN:26,(anonymous_2)
FN:32,(anonymous_3)
FN:39,(anonymous_4)
FN:49,(anonymous_5)
FN:55,(anonymous_6)
FN:63,(anonymous_7)
FN:67,(anonymous_8)
FN:71,(anonymous_9)
FNF:10
FNH:10
FNDA:20,(anonymous_0)
FNDA:5,(anonymous_1)
FNDA:4,(anonymous_2)
FNDA:1,(anonymous_3)
FNDA:4,(anonymous_4)
FNDA:1,(anonymous_5)
FNDA:1,(anonymous_6)
FNDA:3,(anonymous_7)
FNDA:3,(anonymous_8)
FNDA:3,(anonymous_9)
DA:6,20
DA:7,20
DA:8,20
DA:9,20
DA:12,20
DA:17,5
DA:18,5
DA:20,5
DA:21,5
DA:26,4
DA:27,4
DA:28,4
DA:29,4
DA:32,1
DA:33,1
DA:34,1
DA:41,4
DA:42,4
DA:44,4
DA:45,4
DA:46,3
DA:47,2
DA:49,1
DA:50,1
DA:51,1
DA:55,1
DA:56,1
DA:58,1
DA:64,3
DA:68,3
DA:72,3
LF:31
LH:31
BRDA:46,0,0,2
BRDA:46,0,1,1
BRF:2
BRH:2
end_of_record
TN:
SF:src/types/Book.ts
FNF:0
FNH:0
LF:0
LH:0
BRF:0
BRH:0
end_of_record
TN:
SF:src/view/BookForm.tsx
FN:13,(anonymous_0)
FN:29,(anonymous_1)
FN:39,(anonymous_2)
FNF:3
FNH:3
FNDA:12,(anonymous_0)
FNDA:1,(anonymous_1)
FNDA:1,(anonymous_2)
DA:13,1
DA:22,12
DA:29,1
DA:39,1
LF:4
LH:4
BRDA:47,0,0,12
BRDA:47,0,1,2
BRDA:50,1,0,2
BRDA:50,1,1,10
BRF:4
BRH:4
end_of_record
TN:
SF:src/view/BookItem.tsx
FN:8,(anonymous_0)
FNF:1
FNH:1
FNDA:4,(anonymous_0)
DA:8,1
DA:9,4
LF:2
LH:2
BRF:0
BRH:0
end_of_record
TN:
SF:src/view/Books.tsx
FN:13,(anonymous_0)
FNF:1
FNH:1
FNDA:11,(anonymous_0)
DA:13,1
DA:14,11
LF:2
LH:2
BRF:0
BRH:0
end_of_record
TN:
SF:src/view/BooksContainer.tsx
FN:6,(anonymous_0)
FN:7,(anonymous_1)
FN:9,(anonymous_2)
FN:13,(anonymous_3)
FNF:4
FNH:4
FNDA:11,(anonymous_0)
FNDA:11,(anonymous_1)
FNDA:11,(anonymous_2)
FNDA:11,(anonymous_3)
DA:6,1
DA:7,11
DA:9,11
DA:10,11
DA:13,11
DA:14,11
DA:18,11
LF:7
LH:7
BRF:0
BRH:0
end_of_record
TN:
SF:src/view/BooksContent.tsx
FN:9,(anonymous_0)
FN:11,(anonymous_1)
FNF:2
FNH:2
FNDA:5,(anonymous_0)
FNDA:10,(anonymous_1)
DA:9,1
DA:10,5
DA:12,10
LF:3
LH:3
BRDA:12,0,0,10
BRDA:12,0,1,10
BRF:2
BRH:2
end_of_record
TN:
SF:src/view/BooksFilter.tsx
FN:9,(anonymous_0)
FN:15,(anonymous_1)
FN:21,(anonymous_2)
FNF:3
FNH:3
FNDA:16,(anonymous_0)
FNDA:1,(anonymous_1)
FNDA:1,(anonymous_2)
DA:9,2
DA:10,16
DA:15,1
DA:21,1
LF:4
LH:4
BRDA:14,0,0,4
BRDA:14,0,1,12
BRDA:20,1,0,12
BRDA:20,1,1,4
BRF:4
BRH:4
end_of_record
TN:
SF:src/view/BooksList.tsx
FN:14,(anonymous_0)
FNF:1
FNH:1
FNDA:13,(anonymous_0)
DA:14,1
DA:15,13
DA:16,2
DA:19,11
DA:20,4
DA:23,7
DA:24,2
DA:33,5
LF:8
LH:8
BRDA:15,0,0,2
BRDA:15,0,1,11
BRDA:19,1,0,4
BRDA:19,1,1,7
BRDA:23,2,0,2
BRDA:23,2,1,5
BRDA:23,3,0,7
BRDA:23,3,1,6
BRF:8
BRH:8
end_of_record
TN:
SF:src/view/EmptyState.tsx
FN:9,(anonymous_0)
FNF:1
FNH:1
FNDA:6,(anonymous_0)
DA:9,2
DA:14,6
LF:2
LH:2
BRDA:10,0,0,3
BRDA:11,1,0,3
BRDA:12,2,0,3
BRF:3
BRH:3
end_of_record
TN:
SF:src/view/ErrorState.tsx
FN:8,(anonymous_0)
FNF:1
FNH:1
FNDA:8,(anonymous_0)
DA:8,2
DA:9,8
LF:2
LH:2
BRDA:8,0,0,7
BRF:1
BRH:1
end_of_record
TN:
SF:src/view/Header.tsx
FN:9,(anonymous_0)
FNF:1
FNH:1
FNDA:15,(anonymous_0)
DA:9,2
DA:10,15
LF:2
LH:2
BRF:0
BRH:0
end_of_record
TN:
SF:src/view/LoadingState.tsx
FN:7,(anonymous_0)
FNF:1
FNH:1
FNDA:6,(anonymous_0)
DA:7,2
DA:8,6
LF:2
LH:2
BRDA:7,0,0,3
BRF:1
BRH:1
end_of_record
TN:
SF:src/viewmodel/BooksController.ts
FN:10,(anonymous_0)
FN:15,(anonymous_1)
FN:20,(anonymous_2)
FN:25,(anonymous_3)
FN:31,(anonymous_4)
FN:36,(anonymous_5)
FN:52,(anonymous_6)
FN:59,(anonymous_7)
FN:63,(anonymous_8)
FN:67,(anonymous_9)
FN:75,(anonymous_10)
FN:79,(anonymous_11)
FN:83,(anonymous_12)
FN:87,(anonymous_13)
FN:91,(anonymous_14)
FN:96,(anonymous_15)
FNF:16
FNH:14
FNDA:23,(anonymous_0)
FNDA:11,(anonymous_1)
FNDA:11,(anonymous_2)
FNDA:0,(anonymous_3)
FNDA:1,(anonymous_4)
FNDA:5,(anonymous_5)
FNDA:3,(anonymous_6)
FNDA:13,(anonymous_7)
FNDA:3,(anonymous_8)
FNDA:5,(anonymous_9)
FNDA:1,(anonymous_10)
FNDA:1,(anonymous_11)
FNDA:2,(anonymous_12)
FNDA:2,(anonymous_13)
FNDA:1,(anonymous_14)
FNDA:0,(anonymous_15)
DA:6,23
DA:7,23
DA:8,23
DA:11,23
DA:17,11
DA:22,11
DA:27,0
DA:33,1
DA:38,5
DA:39,1
DA:42,4
DA:44,4
DA:45,2
DA:46,2
DA:49,2
DA:54,3
DA:55,3
DA:60,13
DA:64,3
DA:68,5
DA:69,5
DA:71,0
DA:76,1
DA:80,1
DA:84,2
DA:88,2
DA:92,1
LF:27
LH:25
BRDA:38,0,0,1
BRDA:38,0,1,4
BRDA:44,1,0,2
BRDA:44,1,1,2
BRDA:60,2,0,13
BRDA:60,2,1,8
BRDA:64,3,0,3
BRDA:64,3,1,2
BRDA:68,4,0,5
BRDA:68,4,1,0
BRF:10
BRH:9
end_of_record
